Determining if the pthread_create exist failed with the following output:
Change Dir: /home/yuanyunkang/Desktop/vsomeip/vsomeip/build/CMakeFiles/CMakeTmp

Run Build Command:"/usr/bin/make" "cmTC_074ca/fast"
/usr/bin/make -f CMakeFiles/cmTC_074ca.dir/build.make CMakeFiles/cmTC_074ca.dir/build
make[1]: Entering directory '/home/yuanyunkang/Desktop/vsomeip/vsomeip/build/CMakeFiles/CMakeTmp'
Building C object CMakeFiles/cmTC_074ca.dir/CheckSymbolExists.c.o
/usr/bin/cc    -o CMakeFiles/cmTC_074ca.dir/CheckSymbolExists.c.o   -c /home/yuanyunkang/Desktop/vsomeip/vsomeip/build/CMakeFiles/CMakeTmp/CheckSymbolExists.c
Linking C executable cmTC_074ca
/usr/bin/cmake -E cmake_link_script CMakeFiles/cmTC_074ca.dir/link.txt --verbose=1
/usr/bin/cc      -rdynamic CMakeFiles/cmTC_074ca.dir/CheckSymbolExists.c.o  -o cmTC_074ca 
CMakeFiles/cmTC_074ca.dir/CheckSymbolExists.c.o: In function `main':
CheckSymbolExists.c:(.text+0x1b): undefined reference to `pthread_create'
collect2: error: ld returned 1 exit status
CMakeFiles/cmTC_074ca.dir/build.make:97: recipe for target 'cmTC_074ca' failed
make[1]: *** [cmTC_074ca] Error 1
make[1]: Leaving directory '/home/yuanyunkang/Desktop/vsomeip/vsomeip/build/CMakeFiles/CMakeTmp'
Makefile:126: recipe for target 'cmTC_074ca/fast' failed
make: *** [cmTC_074ca/fast] Error 2

File /home/yuanyunkang/Desktop/vsomeip/vsomeip/build/CMakeFiles/CMakeTmp/CheckSymbolExists.c:
/* */
#include <pthread.h>

int main(int argc, char** argv)
{
  (void)argv;
#ifndef pthread_create
  return ((int*)(&pthread_create))[argc];
#else
  (void)argc;
  return 0;
#endif
}

Determining if the function pthread_create exists in the pthreads failed with the following output:
Change Dir: /home/yuanyunkang/Desktop/vsomeip/vsomeip/build/CMakeFiles/CMakeTmp

Run Build Command:"/usr/bin/make" "cmTC_c1357/fast"
/usr/bin/make -f CMakeFiles/cmTC_c1357.dir/build.make CMakeFiles/cmTC_c1357.dir/build
make[1]: Entering directory '/home/yuanyunkang/Desktop/vsomeip/vsomeip/build/CMakeFiles/CMakeTmp'
Building C object CMakeFiles/cmTC_c1357.dir/CheckFunctionExists.c.o
/usr/bin/cc   -DCHECK_FUNCTION_EXISTS=pthread_create   -o CMakeFiles/cmTC_c1357.dir/CheckFunctionExists.c.o   -c /usr/share/cmake-3.10/Modules/CheckFunctionExists.c
Linking C executable cmTC_c1357
/usr/bin/cmake -E cmake_link_script CMakeFiles/cmTC_c1357.dir/link.txt --verbose=1
/usr/bin/cc  -DCHECK_FUNCTION_EXISTS=pthread_create    -rdynamic CMakeFiles/cmTC_c1357.dir/CheckFunctionExists.c.o  -o cmTC_c1357 -lpthreads 
/usr/bin/ld: cannot find -lpthreads
collect2: error: ld returned 1 exit status
CMakeFiles/cmTC_c1357.dir/build.make:97: recipe for target 'cmTC_c1357' failed
make[1]: *** [cmTC_c1357] Error 1
make[1]: Leaving directory '/home/yuanyunkang/Desktop/vsomeip/vsomeip/build/CMakeFiles/CMakeTmp'
Makefile:126: recipe for target 'cmTC_c1357/fast' failed
make: *** [cmTC_c1357/fast] Error 2


