Determining if the pthread_create exist failed with the following output:
Change Dir: /home/yuanyunkang/Desktop/vsomeip/vsomeip/examples/hello_world/CMakeFiles/CMakeTmp

Run Build Command:"/usr/bin/make" "cmTC_79f52/fast"
/usr/bin/make -f CMakeFiles/cmTC_79f52.dir/build.make CMakeFiles/cmTC_79f52.dir/build
make[1]: Entering directory '/home/yuanyunkang/Desktop/vsomeip/vsomeip/examples/hello_world/CMakeFiles/CMakeTmp'
Building C object CMakeFiles/cmTC_79f52.dir/CheckSymbolExists.c.o
/usr/bin/cc    -o CMakeFiles/cmTC_79f52.dir/CheckSymbolExists.c.o   -c /home/yuanyunkang/Desktop/vsomeip/vsomeip/examples/hello_world/CMakeFiles/CMakeTmp/CheckSymbolExists.c
Linking C executable cmTC_79f52
/opt/cmake-3.12.2/bin/cmake -E cmake_link_script CMakeFiles/cmTC_79f52.dir/link.txt --verbose=1
/usr/bin/cc      -rdynamic CMakeFiles/cmTC_79f52.dir/CheckSymbolExists.c.o  -o cmTC_79f52 
CMakeFiles/cmTC_79f52.dir/CheckSymbolExists.c.o: In function `main':
CheckSymbolExists.c:(.text+0x1b): undefined reference to `pthread_create'
collect2: error: ld returned 1 exit status
CMakeFiles/cmTC_79f52.dir/build.make:86: recipe for target 'cmTC_79f52' failed
make[1]: *** [cmTC_79f52] Error 1
make[1]: Leaving directory '/home/yuanyunkang/Desktop/vsomeip/vsomeip/examples/hello_world/CMakeFiles/CMakeTmp'
Makefile:121: recipe for target 'cmTC_79f52/fast' failed
make: *** [cmTC_79f52/fast] Error 2

File /home/yuanyunkang/Desktop/vsomeip/vsomeip/examples/hello_world/CMakeFiles/CMakeTmp/CheckSymbolExists.c:
/* */
#include <pthread.h>

int main(int argc, char** argv)
{
  (void)argv;
#ifndef pthread_create
  return ((int*)(&pthread_create))[argc];
#else
  (void)argc;
  return 0;
#endif
}

Determining if the function pthread_create exists in the pthreads failed with the following output:
Change Dir: /home/yuanyunkang/Desktop/vsomeip/vsomeip/examples/hello_world/CMakeFiles/CMakeTmp

Run Build Command:"/usr/bin/make" "cmTC_40683/fast"
/usr/bin/make -f CMakeFiles/cmTC_40683.dir/build.make CMakeFiles/cmTC_40683.dir/build
make[1]: Entering directory '/home/yuanyunkang/Desktop/vsomeip/vsomeip/examples/hello_world/CMakeFiles/CMakeTmp'
Building C object CMakeFiles/cmTC_40683.dir/CheckFunctionExists.c.o
/usr/bin/cc   -DCHECK_FUNCTION_EXISTS=pthread_create   -o CMakeFiles/cmTC_40683.dir/CheckFunctionExists.c.o   -c /opt/cmake-3.12.2/share/cmake-3.12/Modules/CheckFunctionExists.c
Linking C executable cmTC_40683
/opt/cmake-3.12.2/bin/cmake -E cmake_link_script CMakeFiles/cmTC_40683.dir/link.txt --verbose=1
/usr/bin/cc  -DCHECK_FUNCTION_EXISTS=pthread_create    -rdynamic CMakeFiles/cmTC_40683.dir/CheckFunctionExists.c.o  -o cmTC_40683 -lpthreads 
/usr/bin/ld: cannot find -lpthreads
collect2: error: ld returned 1 exit status
CMakeFiles/cmTC_40683.dir/build.make:86: recipe for target 'cmTC_40683' failed
make[1]: *** [cmTC_40683] Error 1
make[1]: Leaving directory '/home/yuanyunkang/Desktop/vsomeip/vsomeip/examples/hello_world/CMakeFiles/CMakeTmp'
Makefile:121: recipe for target 'cmTC_40683/fast' failed
make: *** [cmTC_40683/fast] Error 2


